
 ┌───────────────────────────────────────────────────┐ 
 │                   Fiber v2.49.1                   │ 
 │               http://127.0.0.1:3137               │ 
 │       (bound on host 0.0.0.0 and port 3137)       │ 
 │                                                   │ 
 │ Handlers ............. 6  Processes ........... 1 │ 
 │ Prefork ....... Disabled  PID ........... 2914276 │ 
 └───────────────────────────────────────────────────┘ 


 ┌───────────────────────────────────────────────────┐ 
 │                   Fiber v2.49.1                   │ 
 │               http://127.0.0.1:3137               │ 
 │       (bound on host 0.0.0.0 and port 3137)       │ 
 │                                                   │ 
 │ Handlers ............. 6  Processes ........... 1 │ 
 │ Prefork ....... Disabled  PID ........... 3027821 │ 
 └───────────────────────────────────────────────────┘ 

2023/09/16 18:53:36 unexpected end of JSON input
2023/09/16 18:53:49 unexpected end of JSON input
2023/09/16 18:54:20 unexpected end of JSON input
2023/09/16 18:55:04 unexpected end of JSON input
2023/09/16 18:55:14 unexpected end of JSON input
2023/09/16 18:56:44 unexpected end of JSON input
2023/09/16 18:56:48 unexpected end of JSON input
2023/09/16 18:56:50 unexpected end of JSON input
2023/09/16 18:56:50 unexpected end of JSON input
2023/09/16 18:59:47 unexpected end of JSON input
2023/09/16 19:00:56 unexpected end of JSON input
2023/09/16 19:07:43 unexpected end of JSON input
2023/09/16 19:07:55 unexpected end of JSON input
2023/09/16 19:08:07 unexpected end of JSON input

 ┌───────────────────────────────────────────────────┐ 
 │                   Fiber v2.49.1                   │ 
 │               http://127.0.0.1:3137               │ 
 │       (bound on host 0.0.0.0 and port 3137)       │ 
 │                                                   │ 
 │ Handlers ............. 6  Processes ........... 1 │ 
 │ Prefork ....... Disabled  PID ........... 3113297 │ 
 └───────────────────────────────────────────────────┘ 


 ┌───────────────────────────────────────────────────┐ 
 │                   Fiber v2.49.1                   │ 
 │               http://127.0.0.1:3137               │ 
 │       (bound on host 0.0.0.0 and port 3137)       │ 
 │                                                   │ 
 │ Handlers ............. 6  Processes ........... 1 │ 
 │ Prefork ....... Disabled  PID ........... 3595724 │ 
 └───────────────────────────────────────────────────┘ 

2023/09/17 17:23:44 json: cannot unmarshal object into Go value of type []server.Req
2023/09/17 17:23:54 json: cannot unmarshal object into Go value of type []server.Req
2023/09/17 17:24:23 unexpected end of JSON input
2023/09/17 17:24:23 unexpected end of JSON input
2023/09/17 17:24:24 unexpected end of JSON input
2023/09/17 17:24:24 unexpected end of JSON input
2023/09/17 17:24:24 unexpected end of JSON input
2023/09/17 17:24:45 unexpected end of JSON input
2023/09/17 17:24:46 unexpected end of JSON input
2023/09/17 17:24:46 unexpected end of JSON input
2023/09/17 17:24:47 unexpected end of JSON input
2023/09/17 17:24:51 unexpected end of JSON input
2023/09/17 17:24:58 unexpected end of JSON input
2023/09/17 17:24:58 unexpected end of JSON input
2023/09/17 17:25:02 unexpected end of JSON input
2023/09/17 17:25:02 unexpected end of JSON input
2023/09/17 17:25:02 unexpected end of JSON input
2023/09/17 17:27:40 json: cannot unmarshal object into Go value of type []server.Req
2023/09/17 17:27:57 json: cannot unmarshal object into Go value of type []server.Req
2023/09/17 17:30:04 json: cannot unmarshal object into Go value of type []server.Req
2023/09/17 17:30:13 json: cannot unmarshal object into Go value of type []server.Req
2023/09/18 12:07:28 unexpected end of JSON input
2023/09/18 12:07:35 unexpected end of JSON input
2023/09/18 12:07:35 unexpected end of JSON input
2023/09/18 12:07:35 unexpected end of JSON input
2023/09/18 12:07:35 unexpected end of JSON input
2023/09/18 12:07:36 unexpected end of JSON input
2023/09/18 12:07:36 unexpected end of JSON input
2023/09/19 19:45:58 unexpected end of JSON input
2023/09/19 19:45:58 unexpected end of JSON input
2023/09/19 19:45:58 unexpected end of JSON input
2023/09/19 19:45:58 unexpected end of JSON input
2023/09/19 19:45:59 unexpected end of JSON input
2023/09/19 19:45:59 unexpected end of JSON input
2023/09/19 19:46:00 unexpected end of JSON input
2023/09/19 20:22:12 unexpected end of JSON input
2023/09/19 20:22:59 unexpected end of JSON input
2023/09/19 22:12:17 unexpected end of JSON input
2023/09/19 22:14:13 json: cannot unmarshal object into Go value of type []server.Req
2023/09/21 06:49:18 unexpected end of JSON input
2023/09/21 06:49:21 unexpected end of JSON input
2023/09/21 06:49:21 unexpected end of JSON input
2023/09/21 06:49:30 unexpected end of JSON input
2023/09/23 19:37:50 unexpected end of JSON input
2023/09/25 08:27:50 json: cannot unmarshal object into Go value of type []server.Req
2023/09/26 07:55:13 json: cannot unmarshal object into Go value of type []server.Req
2023/09/26 07:55:20 json: cannot unmarshal object into Go value of type []server.Req

 ┌───────────────────────────────────────────────────┐ 
 │                   Fiber v2.49.1                   │ 
 │               http://127.0.0.1:3137               │ 
 │       (bound on host 0.0.0.0 and port 3137)       │ 
 │                                                   │ 
 │ Handlers ............. 6  Processes ........... 1 │ 
 │ Prefork ....... Disabled  PID .............. 7096 │ 
 └───────────────────────────────────────────────────┘ 


 ┌───────────────────────────────────────────────────┐ 
 │                   Fiber v2.49.1                   │ 
 │               http://127.0.0.1:3137               │ 
 │       (bound on host 0.0.0.0 and port 3137)       │ 
 │                                                   │ 
 │ Handlers ............. 6  Processes ........... 1 │ 
 │ Prefork ....... Disabled  PID ............ 109639 │ 
 └───────────────────────────────────────────────────┘ 


 ┌───────────────────────────────────────────────────┐ 
 │                   Fiber v2.49.1                   │ 
 │               http://127.0.0.1:3137               │ 
 │       (bound on host 0.0.0.0 and port 3137)       │ 
 │                                                   │ 
 │ Handlers ............. 6  Processes ........... 1 │ 
 │ Prefork ....... Disabled  PID ............ 109715 │ 
 └───────────────────────────────────────────────────┘ 

